<?xml version="1.0" encoding="UTF-8"?>
<!-- Generated by org.testng.reporters.JUnitReportReporter -->
<testsuite hostname="aragarwa01-mac" failures="0" tests="1" name="ParallelExecution.TestNgMultipleBrowserExecution" time="2.901" errors="0" timestamp="2021-08-03T23:01:52 IST" skipped="0">
  <testcase classname="ParallelExecution.TestNgMultipleBrowserExecution" name="googleSearchTest" time="2.901"/>
  <system-out/>
</testsuite> <!-- ParallelExecution.TestNgMultipleBrowserExecution -->
