<?xml version="1.0" encoding="UTF-8"?>
<!-- Generated by org.testng.reporters.JUnitReportReporter -->
<testsuite hostname="aragarwa01-mac" failures="0" tests="2" name="Util.ExcelDataProvider" time="0.005" errors="0" timestamp="2021-08-03T00:04:25 IST" skipped="0">
  <testcase classname="Util.ExcelDataProvider" name="test1" time="0.004"/>
  <system-out/>
  <testcase classname="Util.ExcelDataProvider" name="test1" time="0.001"/>
  <system-out/>
</testsuite> <!-- Util.ExcelDataProvider -->
