<?xml version="1.0" encoding="UTF-8"?>
<!-- Generated by org.testng.reporters.JUnitReportReporter -->
<testsuite hostname="aragarwa01-mac" failures="0" tests="1" name="Test.ExtentReportsDemoWithTestNg" time="2.292" errors="0" timestamp="2021-08-01T22:23:56 IST" skipped="0">
  <testcase classname="Test.ExtentReportsDemoWithTestNg" name="test1" time="2.292"/>
  <system-out/>
</testsuite> <!-- Test.ExtentReportsDemoWithTestNg -->
