<?xml version="1.0" encoding="UTF-8"?>
<!-- Generated by org.testng.reporters.JUnitReportReporter -->
<testsuite hostname="aragarwa01-mac" failures="0" tests="2" name="Test.TestNg_Demo" time="5.529" errors="0" timestamp="2021-08-03T00:21:02 IST" skipped="0">
  <testcase classname="Test.TestNg_Demo" name="googleSearchTest" time="4.266"/>
  <system-out/>
  <testcase classname="Test.TestNg_Demo" name="googleSearchTest" time="1.263"/>
  <system-out/>
</testsuite> <!-- Test.TestNg_Demo -->
