<?xml version="1.0" encoding="UTF-8"?>
<!-- Generated by org.testng.reporters.JUnitReportReporter -->
<testsuite hostname="aragarwa01-mac" failures="0" tests="2" name="Grouping.TestNgGroupsDemo" time="0.005" errors="0" timestamp="2021-08-03T23:25:26 IST" skipped="0">
  <testcase classname="Grouping.TestNgGroupsDemo" name="test3" time="0.000"/>
  <system-out/>
  <testcase classname="Grouping.TestNgGroupsDemo" name="test1" time="0.005"/>
  <system-out/>
</testsuite> <!-- Grouping.TestNgGroupsDemo -->
